<?xml version="1.0" encoding="UTF-8"?>
<testsuite xmlns:xsi="http://www.w3.org/2001/XMLSchema-instance" xsi:noNamespaceSchemaLocation="https://maven.apache.org/surefire/maven-surefire-plugin/xsd/surefire-test-report.xsd" version="3.0.2" name="com.market.resource.OrderResourceTest" time="6.095" tests="13" errors="0" skipped="0" failures="0">
  <properties>
[...]
</properties>
  <testcase name="updateOrderInformation" classname="com.market.resource.OrderResourceTest" time="2.072">
    <system-out><![CDATA[2025-07-28 22:53:55,099 INFO  [org.hib.jpa.int.uti.LogHelper] (main) HHH000204: Processing PersistenceUnitInfo [name: <default>]
2025-07-28 22:53:55,229 INFO  [org.hib.Version] (main) HHH000412: Hibernate ORM core version 7.0.6.Final
2025-07-28 22:53:55,437 WARN  [org.hib.dia.Dialect] (main) HHH000511: The 2.3.0 version for [org.hibernate.dialect.PostgreSQLDialect] is no longer supported, hence certain features may not work properly. The minimum supported version is 13.0.0. Check the community dialects project for available legacy versions.
2025-07-28 22:53:55,441 WARN  [org.hib.orm.deprecation] (main) HHH90000025: PostgreSQLDialect does not need to be specified explicitly using 'hibernate.dialect' (remove the property setting and it will be selected by default)
2025-07-28 22:53:55,453 INFO  [org.hib.orm.con.pooling] (main) HHH10001005: Database info:
	Database JDBC URL [undefined/unknown]
	Database driver: undefined/unknown
	Database version: 2.3
	Autocommit mode: undefined/unknown
	Isolation level: <unknown>
	Pool: undefined/unknown
	Minimum pool size: undefined/unknown
	Maximum pool size: undefined/unknown
2025-07-28 22:53:55,607 INFO  [org.hib.val.int.uti.Version] (main) HV000001: Hibernate Validator 9.0.1.Final
2025-07-28 22:53:56,472 INFO  [liq.database] (main) Set default schema name to PUBLIC
2025-07-28 22:53:56,598 INFO  [liq.lockservice] (main) Successfully acquired change log lock
2025-07-28 22:53:56,889 INFO  [liq.changelog] (main) Creating database history table with name: PUBLIC.DATABASECHANGELOG
2025-07-28 22:53:56,898 INFO  [liq.changelog] (main) Reading from PUBLIC.DATABASECHANGELOG
No validation errors found.
2025-07-28 22:53:56,926 INFO  [liq.command] (main) Command execution complete
2025-07-28 22:53:56,982 INFO  [liq.changelog] (main) Reading from PUBLIC.DATABASECHANGELOG
2025-07-28 22:53:57,003 INFO  [liq.command] (main) Using deploymentId: 3732437002
2025-07-28 22:53:57,006 INFO  [liq.changelog] (main) Reading from PUBLIC.DATABASECHANGELOG
Running Changeset: db/changelog/1.0-initial-schema.xml::1::author
2025-07-28 22:53:57,042 INFO  [liq.changelog] (main) Custom SQL executed
2025-07-28 22:53:57,043 INFO  [liq.changelog] (main) ChangeSet db/changelog/1.0-initial-schema.xml::1::author ran successfully in 10ms
Running Changeset: db/changelog/1.0-initial-schema.xml::2::author
2025-07-28 22:53:57,052 INFO  [liq.changelog] (main) Marking ChangeSet: "db/changelog/1.0-initial-schema.xml::2::author" as ran despite precondition failure due to onFail='MARK_RAN': 
          db/changeLog.xml : DBMS Precondition failed: expected postgresql, got h2

Running Changeset: db/changelog/1.0-initial-schema.xml::3::author
2025-07-28 22:53:57,057 INFO  [liq.changelog] (main) Marking ChangeSet: "db/changelog/1.0-initial-schema.xml::3::author" as ran despite precondition failure due to onFail='MARK_RAN': 
          db/changeLog.xml : DBMS Precondition failed: expected postgresql, got h2

Running Changeset: db/changelog/1.0-initial-schema.xml::update_status_type_for_postgres::author
2025-07-28 22:53:57,060 INFO  [liq.changelog] (main) Marking ChangeSet: "db/changelog/1.0-initial-schema.xml::update_status_type_for_postgres::author" as ran despite precondition failure due to onFail='MARK_RAN': 
          db/changeLog.xml : DBMS Precondition failed: expected postgresql, got h2


UPDATE SUMMARY
Run:                          4
Previously run:               0
Filtered out:                 0
-------------------------------
Total change sets:            4

2025-07-28 22:53:57,065 INFO  [liq.util] (main) UPDATE SUMMARY
2025-07-28 22:53:57,065 INFO  [liq.util] (main) Run:                          4
2025-07-28 22:53:57,065 INFO  [liq.util] (main) Previously run:               0
2025-07-28 22:53:57,065 INFO  [liq.util] (main) Filtered out:                 0
2025-07-28 22:53:57,065 INFO  [liq.util] (main) -------------------------------
2025-07-28 22:53:57,065 INFO  [liq.util] (main) Total change sets:            4
2025-07-28 22:53:57,066 INFO  [liq.util] (main) Update summary generated
2025-07-28 22:53:57,069 INFO  [liq.command] (main) Update command completed successfully.
Liquibase: Update has been successful. Rows affected: 4
2025-07-28 22:53:57,072 INFO  [liq.lockservice] (main) Successfully released change log lock
2025-07-28 22:53:57,072 INFO  [liq.command] (main) Command execution complete
2025-07-28 22:53:57,073 INFO  [liq.lockservice] (main) Successfully released change log lock
2025-07-28 22:53:57,629 INFO  [io.quarkus] (main) order-service 1.0.0-SNAPSHOT on JVM (powered by Quarkus 3.24.5) started in 5.835s. Listening on: http://localhost:51912
2025-07-28 22:53:57,630 INFO  [io.quarkus] (main) Profile test activated. 
2025-07-28 22:53:57,630 INFO  [io.quarkus] (main) Installed features: [agroal, cdi, compose, hibernate-orm, hibernate-orm-panache, hibernate-validator, jdbc-h2, jdbc-postgresql, liquibase, narayana-jta, resteasy, resteasy-client, resteasy-client-jackson, resteasy-jackson, smallrye-context-propagation, smallrye-openapi, swagger-ui, vertx]
2025-07-28 22:53:59,550 INFO  [com.mar.res.OrderResource] (executor-thread-1) ������ �� ���������� ���������� � ������ ID: 1. ����� ������: com.market.dto.OrderUpdateInfoDTO@1c9269a2
]]></system-out>
    <system-err><![CDATA[Mockito is currently self-attaching to enable the inline-mock-maker. This will no longer work in future releases of the JDK. Please add Mockito as an agent to your build as described in Mockito's documentation: https://javadoc.io/doc/org.mockito/mockito-core/latest/org.mockito/org/mockito/Mockito.html#0.3
WARNING: A Java agent has been loaded dynamically (C:\Users\stepa\.m2\repository\net\bytebuddy\byte-buddy-agent\1.17.5\byte-buddy-agent-1.17.5.jar)
WARNING: If a serviceability tool is in use, please run with -XX:+EnableDynamicAgentLoading to hide this warning
WARNING: If a serviceability tool is not in use, please run with -Djdk.instrument.traceUsage for more information
WARNING: Dynamic loading of agents will be disallowed by default in a future release
]]></system-err>
  </testcase>
  <testcase name="changeOrderAmount" classname="com.market.resource.OrderResourceTest" time="0.077">
    <system-out><![CDATA[2025-07-28 22:54:00,153 INFO  [com.mar.res.OrderResource] (executor-thread-1) ������ �� ��������� ���������� ������ � ������. ����� ID: 1, ����� ID: 1, ����� ����������: 1
]]></system-out>
  </testcase>
  <testcase name="getRecentOrders" classname="com.market.resource.OrderResourceTest" time="0.091">
    <system-out><![CDATA[2025-07-28 22:54:00,224 INFO  [com.mar.res.OrderResource] (executor-thread-1) ������ 1 ��������� �������
]]></system-out>
  </testcase>
  <testcase name="deleteOrder" classname="com.market.resource.OrderResourceTest" time="0.024">
    <system-out><![CDATA[2025-07-28 22:54:00,326 INFO  [com.mar.res.OrderResource] (executor-thread-1) ������ �� �������� ������ ID: 1
]]></system-out>
  </testcase>
  <testcase name="updateOrder" classname="com.market.resource.OrderResourceTest" time="0.084">
    <system-out><![CDATA[2025-07-28 22:54:00,359 INFO  [com.mar.res.OrderResource] (executor-thread-1) ������ �� ���������� ������ ID: 1. ����� ������: com.market.dto.OrderUpdateDTO@521f9d37
]]></system-out>
  </testcase>
  <testcase name="getAllOrders" classname="com.market.resource.OrderResourceTest" time="0.046">
    <system-out><![CDATA[2025-07-28 22:54:00,426 INFO  [com.mar.res.OrderResource] (executor-thread-1) ������ �� ��������� ���� �������
]]></system-out>
  </testcase>
  <testcase name="createOrder" classname="com.market.resource.OrderResourceTest" time="0.073">
    <system-out><![CDATA[2025-07-28 22:54:00,484 INFO  [com.mar.res.OrderResource] (executor-thread-1) ������ �� �������� ������ ������: com.market.dto.OrderCreateDTO@29326081
]]></system-out>
  </testcase>
  <testcase name="getOrderById" classname="com.market.resource.OrderResourceTest" time="0.057">
    <system-out><![CDATA[2025-07-28 22:54:00,549 INFO  [com.mar.res.OrderResource] (executor-thread-1) ������ ������ �� ID: 1
]]></system-out>
  </testcase>
  <testcase name="getOrderByDeliveryAddress" classname="com.market.resource.OrderResourceTest" time="0.063">
    <system-out><![CDATA[2025-07-28 22:54:00,604 INFO  [com.mar.res.OrderResource] (executor-thread-1) ������ ������� �� ������ ��������: Test delivery address
]]></system-out>
  </testcase>
  <testcase name="deleteProductFromOrder" classname="com.market.resource.OrderResourceTest" time="0.057">
    <system-out><![CDATA[2025-07-28 22:54:00,672 INFO  [com.mar.res.OrderResource] (executor-thread-1) ������ �� �������� ������ �� ������. ����� ID: 1, ����� ID: 1
]]></system-out>
  </testcase>
  <testcase name="addProductToOrder" classname="com.market.resource.OrderResourceTest" time="0.082">
    <system-out><![CDATA[2025-07-28 22:54:00,750 INFO  [com.mar.res.OrderResource] (executor-thread-1) ������ �� ���������� ������ � ����� ID: 1. ����� ID: 2, ����������: 1
]]></system-out>
  </testcase>
  <testcase name="getOrderByProductId" classname="com.market.resource.OrderResourceTest" time="0.068">
    <system-out><![CDATA[2025-07-28 22:54:00,811 INFO  [com.mar.res.OrderResource] (executor-thread-1) ������ ������� �� ID ������: 1
]]></system-out>
  </testcase>
  <testcase name="getOrderByCustomerPhone" classname="com.market.resource.OrderResourceTest" time="0.061">
    <system-out><![CDATA[2025-07-28 22:54:00,880 INFO  [com.mar.res.OrderResource] (executor-thread-1) ������ ������� �� �������� �������: 12345678912
]]></system-out>
  </testcase>
</testsuite>