<?xml version="1.0" encoding="UTF-8"?>
<testsuite xmlns:xsi="http://www.w3.org/2001/XMLSchema-instance" xsi:noNamespaceSchemaLocation="https://maven.apache.org/surefire/maven-surefire-plugin/xsd/surefire-test-report.xsd" version="3.0.2" name="com.market.service.OrderServiceTest" time="0.476" tests="31" errors="0" skipped="0" failures="0">
  <properties>
[...]
</properties>
  <testcase name="shouldDeleteOrderThrowsExceptionWhenOrderNotFound" classname="com.market.service.OrderServiceTest" time="0.039"/>
  <testcase name="shouldFindRecentOrders" classname="com.market.service.OrderServiceTest" time="0.004">
    <system-out><![CDATA[2025-07-28 22:54:01,287 INFO  [com.mar.ser.OrderService] (main) ��������� 1 ��������� �������
]]></system-out>
  </testcase>
  <testcase name="shouldDeleteProduct" classname="com.market.service.OrderServiceTest" time="0.004"/>
  <testcase name="shouldCreateOrderThrowsExceptionWhenAmountOver" classname="com.market.service.OrderServiceTest" time="0.003">
    <system-out><![CDATA[2025-07-28 22:54:01,300 INFO  [com.mar.ser.OrderService] (main) �������� ������ ������: com.market.dto.OrderCreateDTO@29173f02
2025-07-28 22:54:01,301 ERROR [com.mar.ser.OrderService] (main) ������������ ������ ID 1: (������� 1, ��������� 2)
]]></system-out>
  </testcase>
  <testcase name="shouldFindAllOrders" classname="com.market.service.OrderServiceTest" time="0.002">
    <system-out><![CDATA[2025-07-28 22:54:01,304 INFO  [com.mar.ser.OrderService] (main) ��������� ������ ���� �������
]]></system-out>
  </testcase>
  <testcase name="shouldFindOrderById" classname="com.market.service.OrderServiceTest" time="0.002">
    <system-out><![CDATA[2025-07-28 22:54:01,308 INFO  [com.mar.ser.OrderService] (main) ����� ������ �� ID: 1
]]></system-out>
  </testcase>
  <testcase name="shouldUpdateOrderThrowsExceptionWhenProductNotFound" classname="com.market.service.OrderServiceTest" time="0.006">
    <system-out><![CDATA[2025-07-28 22:54:01,314 INFO  [com.mar.ser.OrderService] (main) ���������� ������ ID: 1, ����� ������: com.market.dto.OrderUpdateDTO@3fb732ee
2025-07-28 22:54:01,315 ERROR [com.mar.ser.OrderService] (main) ����� � ID 2 �� ������
]]></system-out>
  </testcase>
  <testcase name="shouldUpdateOrderInformation" classname="com.market.service.OrderServiceTest" time="0.002"/>
  <testcase name="shouldFindByProductId" classname="com.market.service.OrderServiceTest" time="0.002">
    <system-out><![CDATA[2025-07-28 22:54:01,323 INFO  [com.mar.ser.OrderService] (main) ����� ������� �� ID ������: 1
]]></system-out>
  </testcase>
  <testcase name="shouldUpdateOrderThrowsExceptionWhenAmountOver" classname="com.market.service.OrderServiceTest" time="0.002">
    <system-out><![CDATA[2025-07-28 22:54:01,327 INFO  [com.mar.ser.OrderService] (main) ���������� ������ ID: 1, ����� ������: com.market.dto.OrderUpdateDTO@66b3c476
2025-07-28 22:54:01,328 ERROR [com.mar.ser.OrderService] (main) ������������ ������ ID 1: (������� 1, ��������� 10)
]]></system-out>
  </testcase>
  <testcase name="shouldDeleteOrder" classname="com.market.service.OrderServiceTest" time="0.01"/>
  <testcase name="shouldFindByDeliveryAddress" classname="com.market.service.OrderServiceTest" time="0.002">
    <system-out><![CDATA[2025-07-28 22:54:01,343 INFO  [com.mar.ser.OrderService] (main) ����� ������� �� ������ ��������: Test delivery address
]]></system-out>
  </testcase>
  <testcase name="shouldFindOrderByCustomerPhone" classname="com.market.service.OrderServiceTest" time="0.002">
    <system-out><![CDATA[2025-07-28 22:54:01,346 INFO  [com.mar.ser.OrderService] (main) ����� ������� �� �������� �������: 79001234567
]]></system-out>
  </testcase>
  <testcase name="shouldUpdateOrder" classname="com.market.service.OrderServiceTest" time="0.003">
    <system-out><![CDATA[2025-07-28 22:54:01,350 INFO  [com.mar.ser.OrderService] (main) ���������� ������ ID: 1, ����� ������: com.market.dto.OrderUpdateDTO@204e6dda
2025-07-28 22:54:01,350 INFO  [com.mar.ser.OrderService] (main) ����� ID 1 ������� ��������. ����� �����: 1
]]></system-out>
  </testcase>
  <testcase name="shouldAddProductThrowsExceptionWhenProductAlreadyExists" classname="com.market.service.OrderServiceTest" time="0.003"/>
  <testcase name="shouldCreateOrder" classname="com.market.service.OrderServiceTest" time="0.002">
    <system-out><![CDATA[2025-07-28 22:54:01,359 INFO  [com.mar.ser.OrderService] (main) �������� ������ ������: com.market.dto.OrderCreateDTO@39342312
2025-07-28 22:54:01,359 INFO  [com.mar.ser.OrderService] (main) ������ ����� ����� ID: null, ����� �����: 1
]]></system-out>
  </testcase>
  <testcase name="findOrderByIdThrowsExceptionWhenOrderNotFound" classname="com.market.service.OrderServiceTest" time="0.002">
    <system-out><![CDATA[2025-07-28 22:54:01,362 INFO  [com.mar.ser.OrderService] (main) ����� ������ �� ID: 99
2025-07-28 22:54:01,362 ERROR [com.mar.ser.OrderService] (main) ����� � ID 99 �� ������
]]></system-out>
  </testcase>
  <testcase name="shouldAddProduct" classname="com.market.service.OrderServiceTest" time="0.003"/>
  <testcase name="shouldDeleteProductThrowsExceptionWhenProductNotFound" classname="com.market.service.OrderServiceTest" time="0.002"/>
  <testcase name="shouldUpdateProductAmountThrowsExceptionWhenProductNotFound" classname="com.market.service.OrderServiceTest" time="0.003"/>
  <testcase name="shouldAddProductThrowsExceptionWhenOrderNotFound" classname="com.market.service.OrderServiceTest" time="0.002"/>
  <testcase name="shouldCreateOrderThrowsExceptionWhenProductNotFound" classname="com.market.service.OrderServiceTest" time="0.002">
    <system-out><![CDATA[2025-07-28 22:54:01,381 INFO  [com.mar.ser.OrderService] (main) �������� ������ ������: com.market.dto.OrderCreateDTO@98be09f
2025-07-28 22:54:01,382 ERROR [com.mar.ser.OrderService] (main) ����� � ID 1 �� ������
]]></system-out>
  </testcase>
  <testcase name="shouldDeleteProductThrowsExceptionWhenOrderNotFound" classname="com.market.service.OrderServiceTest" time="0.002"/>
  <testcase name="shouldUpdateProductAmountThrowsExceptionWhenOrderNotFound" classname="com.market.service.OrderServiceTest" time="0.001"/>
  <testcase name="shouldAddProductThrowsExceptionWhenProductNotFound" classname="com.market.service.OrderServiceTest" time="0.006"/>
  <testcase name="shouldUpdateProductAmountThrowsExceptionWhenAmountOver" classname="com.market.service.OrderServiceTest" time="0.002"/>
  <testcase name="shouldAddProductThrowsExceptionWhenProductNotStock" classname="com.market.service.OrderServiceTest" time="0.002"/>
  <testcase name="shouldUpdateOrderThrowsExceptionWhenOrderNotFound" classname="com.market.service.OrderServiceTest" time="0.002">
    <system-out><![CDATA[2025-07-28 22:54:01,406 INFO  [com.mar.ser.OrderService] (main) ���������� ������ ID: 2, ����� ������: com.market.dto.OrderUpdateDTO@f5b079f
2025-07-28 22:54:01,406 ERROR [com.mar.ser.OrderService] (main) ����� � ID 2 �� ������
]]></system-out>
  </testcase>
  <testcase name="shouldUpdateOrderInformationThrowsExceptionWhenOrderNotFound" classname="com.market.service.OrderServiceTest" time="0.002"/>
  <testcase name="shouldUpdateProductOrderAmountAdd" classname="com.market.service.OrderServiceTest" time="0.002"/>
  <testcase name="shouldUpdateProductOrderAmountDel" classname="com.market.service.OrderServiceTest" time="0.001"/>
</testsuite>