<?xml version="1.0" encoding="UTF-8"?>
<testsuite xmlns:xsi="http://www.w3.org/2001/XMLSchema-instance" xsi:noNamespaceSchemaLocation="https://maven.apache.org/surefire/maven-surefire-plugin/xsd/surefire-test-report.xsd" version="3.0.2" name="com.market.storage.resource.ProductResourceTest" time="0.558" tests="9" errors="0" skipped="0" failures="0">
  <properties>
[...]
</properties>
  <testcase name="updateProduct" classname="com.market.storage.resource.ProductResourceTest" time="0.062">
    <system-out><![CDATA[2025-07-28 22:00:17,683 INFO  [com.mar.sto.res.ProductResource] (executor-thread-1) ������ �� ���������� ������ � ID: 1, ����� ������: com.market.storage.dto.ProductRequestDTO@2485a351
]]></system-out>
  </testcase>
  <testcase name="createProductValidation" classname="com.market.storage.resource.ProductResourceTest" time="0.114"/>
  <testcase name="getProductByName" classname="com.market.storage.resource.ProductResourceTest" time="0.038">
    <system-out><![CDATA[2025-07-28 22:00:17,845 INFO  [com.mar.sto.res.ProductResource] (executor-thread-1) ������ �� ����� ������� �� ��������: 'testProduct'
]]></system-out>
  </testcase>
  <testcase name="deleteProduct" classname="com.market.storage.resource.ProductResourceTest" time="0.025">
    <system-out><![CDATA[2025-07-28 22:00:17,893 INFO  [com.mar.sto.res.ProductResource] (executor-thread-1) ������ �� �������� ������ � ID: 1
]]></system-out>
  </testcase>
  <testcase name="orderProduct" classname="com.market.storage.resource.ProductResourceTest" time="0.016">
    <system-out><![CDATA[2025-07-28 22:00:17,912 INFO  [com.mar.sto.res.ProductResource] (executor-thread-1) ������ �� ����� ������ ID: 1, ����������: 1
]]></system-out>
  </testcase>
  <testcase name="testGetProductById" classname="com.market.storage.resource.ProductResourceTest" time="0.025">
    <system-out><![CDATA[2025-07-28 22:00:17,926 INFO  [com.mar.sto.res.ProductResource] (executor-thread-1) ������ ������ �� ID: 1
]]></system-out>
  </testcase>
  <testcase name="testGetAllProducts" classname="com.market.storage.resource.ProductResourceTest" time="0.045">
    <system-out><![CDATA[2025-07-28 22:00:17,952 INFO  [com.mar.sto.res.ProductResource] (executor-thread-1) ��������� ������� �� ������ ���� �������
]]></system-out>
  </testcase>
  <testcase name="testGetProductByCategory" classname="com.market.storage.resource.ProductResourceTest" time="0.046">
    <system-out><![CDATA[2025-07-28 22:00:18,000 INFO  [com.mar.sto.res.ProductResource] (executor-thread-1) ������ ������� ��������� � ID: 1
]]></system-out>
  </testcase>
  <testcase name="createProduct" classname="com.market.storage.resource.ProductResourceTest" time="0.075">
    <system-out><![CDATA[2025-07-28 22:00:18,055 INFO  [com.mar.sto.res.ProductResource] (executor-thread-1) ������ �� �������� ������ ������: com.market.storage.dto.ProductRequestDTO@70afe7a6
HTTP/1.1 201 Created
Content-Type: application/json
content-length: 114

{
    "id": 1,
    "name": "testProduct",
    "category": {
        "id": 1,
        "name": "test"
    },
    "amount": 1,
    "description": "testProduct",
    "price": 100
}
]]></system-out>
  </testcase>
</testsuite>